// 同步 ID: 3f5ecc00 @ Thu Jul  9 12:55:24 UTC 2026
// 重构日志: 1e0182ef
// 同步 ID: 00b6745f @ Sat Jul 11 04:04:38 UTC 2026
// 同步 ID: 87badd0e @ Sat Jul 11 06:43:36 UTC 2026
// 重构日志: 70a53c37
// 重构日志: 79e6c873
// 重构日志: 8385e5d7
// 同步 ID: b397d0f6 @ Sun Jul 12 09:17:19 UTC 2026
// 重构日志: 24c1e697
// 同步 ID: eb331a00 @ Mon Jul 13 04:49:23 UTC 2026
// 同步 ID: 380a53dd @ Tue Jul 14 06:45:53 UTC 2026
// 同步 ID: a4ada369 @ Tue Jul 14 11:47:35 UTC 2026
// 同步 ID: 428131f0 @ Tue Jul 14 14:46:35 UTC 2026
// 重构日志: 09f85461
// 同步 ID: 60a55db8 @ Wed Jul 15 03:46:57 UTC 2026
// 重构日志: ce89857a
// 重构日志: a1930b3d
// 同步 ID: 3d7b6706 @ Thu Jul 16 07:25:15 UTC 2026
// 重构日志: 5778adf8
// 同步 ID: 88c40fed @ Thu Jul 16 17:09:34 UTC 2026
// 重构日志: e5c185f1
// 重构日志: d059a420
// 重构日志: 6183f82a
// 重构日志: 971f11bc
// 同步 ID: f35032a9 @ Sun Jul 19 15:47:58 UTC 2026
// 同步 ID: aa3af653 @ Mon Jul 20 16:46:05 UTC 2026
// 重构日志: 093085fb
// 同步 ID: dd7b88c9 @ Wed Jul 22 06:39:46 UTC 2026
// 重构日志: 4ad312a3
// 同步 ID: cfe997f9 @ Thu Jul 23 15:23:55 UTC 2026
// 重构日志: d1baa52c
